2024-02-24 20:57:37.411 [restartedMain] INFO  com.jxys.Application - [logStarting,55] - Starting Application on liushuaibiaodeMacBook-Pro.local with PID 24581 (/Users/liushuaibiao/Downloads/同步空间/work/springboot-scaffold/api/target/classes started by liushuaibiao in /Users/liushuaibiao/Downloads/同步空间/work/springboot-scaffold)
2024-02-24 20:57:37.411 [restartedMain] INFO  com.jxys.Application - [logStartupProfileInfo,655] - The following profiles are active: dev
2024-02-24 20:57:37.954 [restartedMain] INFO  c.u.j.c.EnableEncryptablePropertiesBeanFactoryPostProcessor - [postProcessBeanFactory,40] - Post-processing PropertySource instances
2024-02-24 20:57:37.954 [restartedMain] INFO  c.u.j.EncryptablePropertySourceConverter - [makeEncryptable,76] - Skipping PropertySource configurationProperties [class org.springframework.boot.context.properties.source.ConfigurationPropertySourcesPropertySource
2024-02-24 20:57:37.955 [restartedMain] INFO  c.u.j.EncryptablePropertySourceConverter - [makeEncryptable,76] - Skipping PropertySource servletConfigInitParams [class org.springframework.core.env.PropertySource$StubPropertySource
2024-02-24 20:57:37.955 [restartedMain] INFO  c.u.j.EncryptablePropertySourceConverter - [makeEncryptable,76] - Skipping PropertySource servletContextInitParams [class org.springframework.core.env.PropertySource$StubPropertySource
2024-02-24 20:57:37.955 [restartedMain] INFO  c.u.j.EncryptablePropertySourceConverter - [makeEncryptable,81] - Converting PropertySource systemProperties [org.springframework.core.env.PropertiesPropertySource] to EncryptableMapPropertySourceWrapper
2024-02-24 20:57:37.955 [restartedMain] INFO  c.u.j.EncryptablePropertySourceConverter - [makeEncryptable,81] - Converting PropertySource systemEnvironment [org.springframework.boot.env.SystemEnvironmentPropertySourceEnvironmentPostProcessor$OriginAwareSystemEnvironmentPropertySource] to EncryptableSystemEnvironmentPropertySourceWrapper
2024-02-24 20:57:37.955 [restartedMain] INFO  c.u.j.EncryptablePropertySourceConverter - [makeEncryptable,81] - Converting PropertySource random [org.springframework.boot.env.RandomValuePropertySource] to EncryptablePropertySourceWrapper
2024-02-24 20:57:37.956 [restartedMain] INFO  c.u.j.EncryptablePropertySourceConverter - [makeEncryptable,81] - Converting PropertySource applicationConfig: [classpath:/application-dev.yml] [org.springframework.boot.env.OriginTrackedMapPropertySource] to EncryptableMapPropertySourceWrapper
2024-02-24 20:57:37.956 [restartedMain] INFO  c.u.j.EncryptablePropertySourceConverter - [makeEncryptable,81] - Converting PropertySource applicationConfig: [classpath:/application.yml] [org.springframework.boot.env.OriginTrackedMapPropertySource] to EncryptableMapPropertySourceWrapper
2024-02-24 20:57:37.956 [restartedMain] INFO  c.u.j.EncryptablePropertySourceConverter - [makeEncryptable,81] - Converting PropertySource devtools [org.springframework.core.env.MapPropertySource] to EncryptableMapPropertySourceWrapper
2024-02-24 20:57:38.058 [restartedMain] INFO  c.u.j.f.DefaultLazyPropertyFilter - [lambda$new$2,31] - Property Filter custom Bean not found with name 'encryptablePropertyFilter'. Initializing Default Property Filter
2024-02-24 20:57:38.062 [restartedMain] INFO  c.u.j.r.DefaultLazyPropertyResolver - [lambda$new$2,35] - Property Resolver custom Bean not found with name 'encryptablePropertyResolver'. Initializing Default Property Resolver
2024-02-24 20:57:38.063 [restartedMain] INFO  c.u.j.d.DefaultLazyPropertyDetector - [lambda$new$2,35] - Property Detector custom Bean not found with name 'encryptablePropertyDetector'. Initializing Default Property Detector
2024-02-24 20:57:38.189 [restartedMain] INFO  o.a.c.h.Http11NioProtocol - [log,173] - Initializing ProtocolHandler ["http-nio-8219"]
2024-02-24 20:57:38.190 [restartedMain] INFO  o.a.c.c.StandardService - [log,173] - Starting service [Tomcat]
2024-02-24 20:57:38.190 [restartedMain] INFO  o.a.c.c.StandardEngine - [log,173] - Starting Servlet engine: [Apache Tomcat/9.0.34]
2024-02-24 20:57:38.242 [restartedMain] INFO  o.a.c.c.C.[.[.[/v1] - [log,173] - Initializing Spring embedded WebApplicationContext
2024-02-24 20:57:38.307 [restartedMain] INFO  c.a.d.s.b.a.DruidDataSourceAutoConfigure - [dataSource,55] - Init DruidDataSource
2024-02-24 20:57:38.996 [restartedMain] INFO  c.a.d.p.DruidDataSource - [init,975] - {dataSource-1} inited
2024-02-24 20:57:39.406 [restartedMain] INFO  s.d.s.w.PropertySourcedRequestMappingHandlerMapping - [initHandlerMethods,69] - Mapped URL path [/v2/api-docs] onto method [springfox.documentation.swagger2.web.Swagger2Controller#getDocumentation(String, HttpServletRequest)]
2024-02-24 20:57:39.623 [restartedMain] INFO  s.d.s.w.p.DocumentationPluginsBootstrapper - [start,160] - Context refreshed
2024-02-24 20:57:39.632 [restartedMain] INFO  s.d.s.w.p.DocumentationPluginsBootstrapper - [start,163] - Found 1 custom documentation plugin(s)
2024-02-24 20:57:39.645 [restartedMain] INFO  s.d.s.w.s.ApiListingReferenceScanner - [scan,41] - Scanning for api listing references
2024-02-24 20:57:39.704 [restartedMain] INFO  o.a.c.h.Http11NioProtocol - [log,173] - Starting ProtocolHandler ["http-nio-8219"]
2024-02-24 20:57:39.714 [restartedMain] INFO  c.u.j.c.RefreshScopeRefreshedEventListener - [onApplicationEvent,47] - Refreshing cached encryptable property sources on ServletWebServerInitializedEvent
2024-02-24 20:57:39.714 [restartedMain] INFO  c.u.j.c.CachingDelegateEncryptablePropertySource - [refresh,55] - Property Source systemProperties refreshed
2024-02-24 20:57:39.714 [restartedMain] INFO  c.u.j.c.CachingDelegateEncryptablePropertySource - [refresh,55] - Property Source systemEnvironment refreshed
2024-02-24 20:57:39.714 [restartedMain] INFO  c.u.j.c.CachingDelegateEncryptablePropertySource - [refresh,55] - Property Source random refreshed
2024-02-24 20:57:39.714 [restartedMain] INFO  c.u.j.c.CachingDelegateEncryptablePropertySource - [refresh,55] - Property Source applicationConfig: [classpath:/application-dev.yml] refreshed
2024-02-24 20:57:39.714 [restartedMain] INFO  c.u.j.c.CachingDelegateEncryptablePropertySource - [refresh,55] - Property Source applicationConfig: [classpath:/application.yml] refreshed
2024-02-24 20:57:39.714 [restartedMain] INFO  c.u.j.c.CachingDelegateEncryptablePropertySource - [refresh,55] - Property Source devtools refreshed
2024-02-24 20:57:39.715 [restartedMain] INFO  c.u.j.EncryptablePropertySourceConverter - [makeEncryptable,81] - Converting PropertySource server.ports [org.springframework.core.env.MapPropertySource] to EncryptableMapPropertySourceWrapper
2024-02-24 20:57:39.715 [restartedMain] INFO  c.u.j.EncryptablePropertySourceConverter - [makeEncryptable,76] - Skipping PropertySource configurationProperties [class org.springframework.boot.context.properties.source.ConfigurationPropertySourcesPropertySource
2024-02-24 20:57:39.715 [restartedMain] INFO  c.u.j.EncryptablePropertySourceConverter - [makeEncryptable,76] - Skipping PropertySource servletConfigInitParams [class org.springframework.core.env.PropertySource$StubPropertySource
2024-02-24 20:57:39.715 [restartedMain] INFO  c.u.j.EncryptablePropertySourceConverter - [makeEncryptable,81] - Converting PropertySource servletContextInitParams [org.springframework.web.context.support.ServletContextPropertySource] to EncryptableEnumerablePropertySourceWrapper
2024-02-24 20:57:39.716 [restartedMain] INFO  com.jxys.Application - [logStarted,61] - Started Application in 2.507 seconds (JVM running for 3.028)
2024-02-24 20:58:05.180 [SpringContextShutdownHook] INFO  c.a.d.p.DruidDataSource - [close,2063] - {dataSource-1} closing ...
2024-02-24 20:58:05.189 [SpringContextShutdownHook] INFO  c.a.d.p.DruidDataSource - [close,2136] - {dataSource-1} closed
2024-02-24 21:22:54.563 [main] INFO  c.j.u.ApplicationTests - [logStarting,55] - Starting ApplicationTests on liushuaibiaodeMacBook-Pro.local with PID 26367 (started by liushuaibiao in /Users/liushuaibiao/Downloads/同步空间/work/springboot-scaffold/api)
2024-02-24 21:22:54.564 [main] INFO  c.j.u.ApplicationTests - [logStartupProfileInfo,655] - The following profiles are active: dev
2024-02-24 21:22:55.297 [main] INFO  c.u.j.c.EnableEncryptablePropertiesBeanFactoryPostProcessor - [postProcessBeanFactory,40] - Post-processing PropertySource instances
2024-02-24 21:22:55.302 [main] INFO  c.u.j.EncryptablePropertySourceConverter - [makeEncryptable,76] - Skipping PropertySource configurationProperties [class org.springframework.boot.context.properties.source.ConfigurationPropertySourcesPropertySource
2024-02-24 21:22:55.310 [main] INFO  c.u.j.EncryptablePropertySourceConverter - [makeEncryptable,81] - Converting PropertySource Inlined Test Properties [org.springframework.core.env.MapPropertySource] to EncryptableMapPropertySourceWrapper
2024-02-24 21:22:55.317 [main] INFO  c.u.j.EncryptablePropertySourceConverter - [makeEncryptable,81] - Converting PropertySource systemProperties [org.springframework.core.env.PropertiesPropertySource] to EncryptableMapPropertySourceWrapper
2024-02-24 21:22:55.318 [main] INFO  c.u.j.EncryptablePropertySourceConverter - [makeEncryptable,81] - Converting PropertySource systemEnvironment [org.springframework.boot.env.SystemEnvironmentPropertySourceEnvironmentPostProcessor$OriginAwareSystemEnvironmentPropertySource] to EncryptableSystemEnvironmentPropertySourceWrapper
2024-02-24 21:22:55.318 [main] INFO  c.u.j.EncryptablePropertySourceConverter - [makeEncryptable,81] - Converting PropertySource random [org.springframework.boot.env.RandomValuePropertySource] to EncryptablePropertySourceWrapper
2024-02-24 21:22:55.318 [main] INFO  c.u.j.EncryptablePropertySourceConverter - [makeEncryptable,81] - Converting PropertySource applicationConfig: [classpath:/application-dev.yml] [org.springframework.boot.env.OriginTrackedMapPropertySource] to EncryptableMapPropertySourceWrapper
2024-02-24 21:22:55.318 [main] INFO  c.u.j.EncryptablePropertySourceConverter - [makeEncryptable,81] - Converting PropertySource applicationConfig: [classpath:/application.yml] [org.springframework.boot.env.OriginTrackedMapPropertySource] to EncryptableMapPropertySourceWrapper
2024-02-24 21:22:55.617 [main] INFO  c.u.j.f.DefaultLazyPropertyFilter - [lambda$new$2,31] - Property Filter custom Bean not found with name 'encryptablePropertyFilter'. Initializing Default Property Filter
2024-02-24 21:22:55.623 [main] INFO  c.u.j.r.DefaultLazyPropertyResolver - [lambda$new$2,35] - Property Resolver custom Bean not found with name 'encryptablePropertyResolver'. Initializing Default Property Resolver
2024-02-24 21:22:55.625 [main] INFO  c.u.j.d.DefaultLazyPropertyDetector - [lambda$new$2,35] - Property Detector custom Bean not found with name 'encryptablePropertyDetector'. Initializing Default Property Detector
2024-02-24 21:22:55.646 [main] INFO  c.a.d.s.b.a.DruidDataSourceAutoConfigure - [dataSource,55] - Init DruidDataSource
2024-02-24 21:22:57.706 [main] INFO  c.a.d.p.DruidDataSource - [init,975] - {dataSource-1} inited
2024-02-24 21:22:58.399 [main] INFO  s.d.s.w.PropertySourcedRequestMappingHandlerMapping - [initHandlerMethods,69] - Mapped URL path [/v2/api-docs] onto method [springfox.documentation.swagger2.web.Swagger2Controller#getDocumentation(String, HttpServletRequest)]
2024-02-24 21:22:58.833 [main] INFO  s.d.s.w.p.DocumentationPluginsBootstrapper - [start,160] - Context refreshed
2024-02-24 21:22:58.845 [main] INFO  s.d.s.w.p.DocumentationPluginsBootstrapper - [start,163] - Found 1 custom documentation plugin(s)
2024-02-24 21:22:58.857 [main] INFO  s.d.s.w.s.ApiListingReferenceScanner - [scan,41] - Scanning for api listing references
2024-02-24 21:22:58.928 [main] INFO  c.j.u.ApplicationTests - [logStarted,61] - Started ApplicationTests in 4.691 seconds (JVM running for 5.358)
2024-02-24 21:22:59.079 [SpringContextShutdownHook] INFO  c.a.d.p.DruidDataSource - [close,2063] - {dataSource-1} closing ...
2024-02-24 21:22:59.089 [SpringContextShutdownHook] INFO  c.a.d.p.DruidDataSource - [close,2136] - {dataSource-1} closed
2024-02-24 21:24:10.072 [main] INFO  c.j.u.ApplicationTests - [logStarting,55] - Starting ApplicationTests on liushuaibiaodeMacBook-Pro.local with PID 26417 (started by liushuaibiao in /Users/liushuaibiao/Downloads/同步空间/work/springboot-scaffold/api)
2024-02-24 21:24:10.074 [main] INFO  c.j.u.ApplicationTests - [logStartupProfileInfo,655] - The following profiles are active: dev
2024-02-24 21:24:10.787 [main] INFO  c.u.j.c.EnableEncryptablePropertiesBeanFactoryPostProcessor - [postProcessBeanFactory,40] - Post-processing PropertySource instances
2024-02-24 21:24:10.788 [main] INFO  c.u.j.EncryptablePropertySourceConverter - [makeEncryptable,76] - Skipping PropertySource configurationProperties [class org.springframework.boot.context.properties.source.ConfigurationPropertySourcesPropertySource
2024-02-24 21:24:10.789 [main] INFO  c.u.j.EncryptablePropertySourceConverter - [makeEncryptable,81] - Converting PropertySource Inlined Test Properties [org.springframework.core.env.MapPropertySource] to EncryptableMapPropertySourceWrapper
2024-02-24 21:24:10.789 [main] INFO  c.u.j.EncryptablePropertySourceConverter - [makeEncryptable,81] - Converting PropertySource systemProperties [org.springframework.core.env.PropertiesPropertySource] to EncryptableMapPropertySourceWrapper
2024-02-24 21:24:10.789 [main] INFO  c.u.j.EncryptablePropertySourceConverter - [makeEncryptable,81] - Converting PropertySource systemEnvironment [org.springframework.boot.env.SystemEnvironmentPropertySourceEnvironmentPostProcessor$OriginAwareSystemEnvironmentPropertySource] to EncryptableSystemEnvironmentPropertySourceWrapper
2024-02-24 21:24:10.789 [main] INFO  c.u.j.EncryptablePropertySourceConverter - [makeEncryptable,81] - Converting PropertySource random [org.springframework.boot.env.RandomValuePropertySource] to EncryptablePropertySourceWrapper
2024-02-24 21:24:10.789 [main] INFO  c.u.j.EncryptablePropertySourceConverter - [makeEncryptable,81] - Converting PropertySource applicationConfig: [classpath:/application-dev.yml] [org.springframework.boot.env.OriginTrackedMapPropertySource] to EncryptableMapPropertySourceWrapper
2024-02-24 21:24:10.789 [main] INFO  c.u.j.EncryptablePropertySourceConverter - [makeEncryptable,81] - Converting PropertySource applicationConfig: [classpath:/application.yml] [org.springframework.boot.env.OriginTrackedMapPropertySource] to EncryptableMapPropertySourceWrapper
2024-02-24 21:24:11.052 [main] INFO  c.u.j.f.DefaultLazyPropertyFilter - [lambda$new$2,31] - Property Filter custom Bean not found with name 'encryptablePropertyFilter'. Initializing Default Property Filter
2024-02-24 21:24:11.057 [main] INFO  c.u.j.r.DefaultLazyPropertyResolver - [lambda$new$2,35] - Property Resolver custom Bean not found with name 'encryptablePropertyResolver'. Initializing Default Property Resolver
2024-02-24 21:24:11.058 [main] INFO  c.u.j.d.DefaultLazyPropertyDetector - [lambda$new$2,35] - Property Detector custom Bean not found with name 'encryptablePropertyDetector'. Initializing Default Property Detector
2024-02-24 21:24:11.078 [main] INFO  c.a.d.s.b.a.DruidDataSourceAutoConfigure - [dataSource,55] - Init DruidDataSource
2024-02-24 21:24:11.802 [main] INFO  c.a.d.p.DruidDataSource - [init,975] - {dataSource-1} inited
2024-02-24 21:24:12.766 [main] INFO  s.d.s.w.PropertySourcedRequestMappingHandlerMapping - [initHandlerMethods,69] - Mapped URL path [/v2/api-docs] onto method [springfox.documentation.swagger2.web.Swagger2Controller#getDocumentation(String, HttpServletRequest)]
2024-02-24 21:24:13.256 [main] INFO  s.d.s.w.p.DocumentationPluginsBootstrapper - [start,160] - Context refreshed
2024-02-24 21:24:13.269 [main] INFO  s.d.s.w.p.DocumentationPluginsBootstrapper - [start,163] - Found 1 custom documentation plugin(s)
2024-02-24 21:24:13.282 [main] INFO  s.d.s.w.s.ApiListingReferenceScanner - [scan,41] - Scanning for api listing references
2024-02-24 21:24:13.357 [main] INFO  c.j.u.ApplicationTests - [logStarted,61] - Started ApplicationTests in 3.615 seconds (JVM running for 4.272)
2024-02-24 21:24:13.476 [SpringContextShutdownHook] INFO  c.a.d.p.DruidDataSource - [close,2063] - {dataSource-1} closing ...
2024-02-24 21:24:13.483 [SpringContextShutdownHook] INFO  c.a.d.p.DruidDataSource - [close,2136] - {dataSource-1} closed
2024-02-24 21:25:27.360 [main] INFO  c.j.u.ApplicationTests - [logStarting,55] - Starting ApplicationTests on liushuaibiaodeMacBook-Pro.local with PID 26491 (started by liushuaibiao in /Users/liushuaibiao/Downloads/同步空间/work/springboot-scaffold/api)
2024-02-24 21:25:27.361 [main] INFO  c.j.u.ApplicationTests - [logStartupProfileInfo,655] - The following profiles are active: dev
2024-02-24 21:25:28.167 [main] INFO  c.u.j.c.EnableEncryptablePropertiesBeanFactoryPostProcessor - [postProcessBeanFactory,40] - Post-processing PropertySource instances
2024-02-24 21:25:28.168 [main] INFO  c.u.j.EncryptablePropertySourceConverter - [makeEncryptable,76] - Skipping PropertySource configurationProperties [class org.springframework.boot.context.properties.source.ConfigurationPropertySourcesPropertySource
2024-02-24 21:25:28.169 [main] INFO  c.u.j.EncryptablePropertySourceConverter - [makeEncryptable,81] - Converting PropertySource Inlined Test Properties [org.springframework.core.env.MapPropertySource] to EncryptableMapPropertySourceWrapper
2024-02-24 21:25:28.169 [main] INFO  c.u.j.EncryptablePropertySourceConverter - [makeEncryptable,81] - Converting PropertySource systemProperties [org.springframework.core.env.PropertiesPropertySource] to EncryptableMapPropertySourceWrapper
2024-02-24 21:25:28.169 [main] INFO  c.u.j.EncryptablePropertySourceConverter - [makeEncryptable,81] - Converting PropertySource systemEnvironment [org.springframework.boot.env.SystemEnvironmentPropertySourceEnvironmentPostProcessor$OriginAwareSystemEnvironmentPropertySource] to EncryptableSystemEnvironmentPropertySourceWrapper
2024-02-24 21:25:28.169 [main] INFO  c.u.j.EncryptablePropertySourceConverter - [makeEncryptable,81] - Converting PropertySource random [org.springframework.boot.env.RandomValuePropertySource] to EncryptablePropertySourceWrapper
2024-02-24 21:25:28.169 [main] INFO  c.u.j.EncryptablePropertySourceConverter - [makeEncryptable,81] - Converting PropertySource applicationConfig: [classpath:/application-dev.yml] [org.springframework.boot.env.OriginTrackedMapPropertySource] to EncryptableMapPropertySourceWrapper
2024-02-24 21:25:28.169 [main] INFO  c.u.j.EncryptablePropertySourceConverter - [makeEncryptable,81] - Converting PropertySource applicationConfig: [classpath:/application.yml] [org.springframework.boot.env.OriginTrackedMapPropertySource] to EncryptableMapPropertySourceWrapper
2024-02-24 21:25:28.443 [main] INFO  c.u.j.f.DefaultLazyPropertyFilter - [lambda$new$2,31] - Property Filter custom Bean not found with name 'encryptablePropertyFilter'. Initializing Default Property Filter
2024-02-24 21:25:28.447 [main] INFO  c.u.j.r.DefaultLazyPropertyResolver - [lambda$new$2,35] - Property Resolver custom Bean not found with name 'encryptablePropertyResolver'. Initializing Default Property Resolver
2024-02-24 21:25:28.449 [main] INFO  c.u.j.d.DefaultLazyPropertyDetector - [lambda$new$2,35] - Property Detector custom Bean not found with name 'encryptablePropertyDetector'. Initializing Default Property Detector
2024-02-24 21:25:28.471 [main] INFO  c.a.d.s.b.a.DruidDataSourceAutoConfigure - [dataSource,55] - Init DruidDataSource
2024-02-24 21:25:29.190 [main] INFO  c.a.d.p.DruidDataSource - [init,975] - {dataSource-1} inited
2024-02-24 21:25:29.955 [main] INFO  s.d.s.w.PropertySourcedRequestMappingHandlerMapping - [initHandlerMethods,69] - Mapped URL path [/v2/api-docs] onto method [springfox.documentation.swagger2.web.Swagger2Controller#getDocumentation(String, HttpServletRequest)]
2024-02-24 21:25:30.412 [main] INFO  s.d.s.w.p.DocumentationPluginsBootstrapper - [start,160] - Context refreshed
2024-02-24 21:25:30.424 [main] INFO  s.d.s.w.p.DocumentationPluginsBootstrapper - [start,163] - Found 1 custom documentation plugin(s)
2024-02-24 21:25:30.437 [main] INFO  s.d.s.w.s.ApiListingReferenceScanner - [scan,41] - Scanning for api listing references
2024-02-24 21:25:30.514 [main] INFO  c.j.u.ApplicationTests - [logStarted,61] - Started ApplicationTests in 3.497 seconds (JVM running for 4.214)
2024-02-24 21:25:46.737 [SpringContextShutdownHook] INFO  c.a.d.p.DruidDataSource - [close,2063] - {dataSource-1} closing ...
2024-02-24 21:25:46.755 [SpringContextShutdownHook] INFO  c.a.d.p.DruidDataSource - [close,2136] - {dataSource-1} closed
2024-02-24 21:26:15.865 [main] INFO  c.j.u.ApplicationTests - [logStarting,55] - Starting ApplicationTests on liushuaibiaodeMacBook-Pro.local with PID 26532 (started by liushuaibiao in /Users/liushuaibiao/Downloads/同步空间/work/springboot-scaffold/api)
2024-02-24 21:26:15.866 [main] INFO  c.j.u.ApplicationTests - [logStartupProfileInfo,655] - The following profiles are active: dev
2024-02-24 21:26:16.562 [main] INFO  c.u.j.c.EnableEncryptablePropertiesBeanFactoryPostProcessor - [postProcessBeanFactory,40] - Post-processing PropertySource instances
2024-02-24 21:26:16.563 [main] INFO  c.u.j.EncryptablePropertySourceConverter - [makeEncryptable,76] - Skipping PropertySource configurationProperties [class org.springframework.boot.context.properties.source.ConfigurationPropertySourcesPropertySource
2024-02-24 21:26:16.564 [main] INFO  c.u.j.EncryptablePropertySourceConverter - [makeEncryptable,81] - Converting PropertySource Inlined Test Properties [org.springframework.core.env.MapPropertySource] to EncryptableMapPropertySourceWrapper
2024-02-24 21:26:16.564 [main] INFO  c.u.j.EncryptablePropertySourceConverter - [makeEncryptable,81] - Converting PropertySource systemProperties [org.springframework.core.env.PropertiesPropertySource] to EncryptableMapPropertySourceWrapper
2024-02-24 21:26:16.564 [main] INFO  c.u.j.EncryptablePropertySourceConverter - [makeEncryptable,81] - Converting PropertySource systemEnvironment [org.springframework.boot.env.SystemEnvironmentPropertySourceEnvironmentPostProcessor$OriginAwareSystemEnvironmentPropertySource] to EncryptableSystemEnvironmentPropertySourceWrapper
2024-02-24 21:26:16.565 [main] INFO  c.u.j.EncryptablePropertySourceConverter - [makeEncryptable,81] - Converting PropertySource random [org.springframework.boot.env.RandomValuePropertySource] to EncryptablePropertySourceWrapper
2024-02-24 21:26:16.565 [main] INFO  c.u.j.EncryptablePropertySourceConverter - [makeEncryptable,81] - Converting PropertySource applicationConfig: [classpath:/application-dev.yml] [org.springframework.boot.env.OriginTrackedMapPropertySource] to EncryptableMapPropertySourceWrapper
2024-02-24 21:26:16.565 [main] INFO  c.u.j.EncryptablePropertySourceConverter - [makeEncryptable,81] - Converting PropertySource applicationConfig: [classpath:/application.yml] [org.springframework.boot.env.OriginTrackedMapPropertySource] to EncryptableMapPropertySourceWrapper
2024-02-24 21:26:16.871 [main] INFO  c.u.j.f.DefaultLazyPropertyFilter - [lambda$new$2,31] - Property Filter custom Bean not found with name 'encryptablePropertyFilter'. Initializing Default Property Filter
2024-02-24 21:26:16.876 [main] INFO  c.u.j.r.DefaultLazyPropertyResolver - [lambda$new$2,35] - Property Resolver custom Bean not found with name 'encryptablePropertyResolver'. Initializing Default Property Resolver
2024-02-24 21:26:16.878 [main] INFO  c.u.j.d.DefaultLazyPropertyDetector - [lambda$new$2,35] - Property Detector custom Bean not found with name 'encryptablePropertyDetector'. Initializing Default Property Detector
2024-02-24 21:26:16.902 [main] INFO  c.a.d.s.b.a.DruidDataSourceAutoConfigure - [dataSource,55] - Init DruidDataSource
2024-02-24 21:26:17.676 [main] INFO  c.a.d.p.DruidDataSource - [init,975] - {dataSource-1} inited
2024-02-24 21:26:18.363 [main] INFO  s.d.s.w.PropertySourcedRequestMappingHandlerMapping - [initHandlerMethods,69] - Mapped URL path [/v2/api-docs] onto method [springfox.documentation.swagger2.web.Swagger2Controller#getDocumentation(String, HttpServletRequest)]
2024-02-24 21:26:18.798 [main] INFO  s.d.s.w.p.DocumentationPluginsBootstrapper - [start,160] - Context refreshed
2024-02-24 21:26:18.810 [main] INFO  s.d.s.w.p.DocumentationPluginsBootstrapper - [start,163] - Found 1 custom documentation plugin(s)
2024-02-24 21:26:18.823 [main] INFO  s.d.s.w.s.ApiListingReferenceScanner - [scan,41] - Scanning for api listing references
2024-02-24 21:26:18.898 [main] INFO  c.j.u.ApplicationTests - [logStarted,61] - Started ApplicationTests in 3.395 seconds (JVM running for 4.058)
2024-02-24 21:27:39.379 [SpringContextShutdownHook] INFO  c.a.d.p.DruidDataSource - [close,2063] - {dataSource-1} closing ...
2024-02-24 21:27:39.389 [SpringContextShutdownHook] INFO  c.a.d.p.DruidDataSource - [close,2136] - {dataSource-1} closed
2024-02-24 21:28:19.225 [main] INFO  c.j.u.ApplicationTests - [logStarting,55] - Starting ApplicationTests on liushuaibiaodeMacBook-Pro.local with PID 26638 (started by liushuaibiao in /Users/liushuaibiao/Downloads/同步空间/work/springboot-scaffold/api)
2024-02-24 21:28:19.226 [main] INFO  c.j.u.ApplicationTests - [logStartupProfileInfo,655] - The following profiles are active: dev
2024-02-24 21:28:19.917 [main] INFO  c.u.j.c.EnableEncryptablePropertiesBeanFactoryPostProcessor - [postProcessBeanFactory,40] - Post-processing PropertySource instances
2024-02-24 21:28:19.918 [main] INFO  c.u.j.EncryptablePropertySourceConverter - [makeEncryptable,76] - Skipping PropertySource configurationProperties [class org.springframework.boot.context.properties.source.ConfigurationPropertySourcesPropertySource
2024-02-24 21:28:19.919 [main] INFO  c.u.j.EncryptablePropertySourceConverter - [makeEncryptable,81] - Converting PropertySource Inlined Test Properties [org.springframework.core.env.MapPropertySource] to EncryptableMapPropertySourceWrapper
2024-02-24 21:28:19.919 [main] INFO  c.u.j.EncryptablePropertySourceConverter - [makeEncryptable,81] - Converting PropertySource systemProperties [org.springframework.core.env.PropertiesPropertySource] to EncryptableMapPropertySourceWrapper
2024-02-24 21:28:19.920 [main] INFO  c.u.j.EncryptablePropertySourceConverter - [makeEncryptable,81] - Converting PropertySource systemEnvironment [org.springframework.boot.env.SystemEnvironmentPropertySourceEnvironmentPostProcessor$OriginAwareSystemEnvironmentPropertySource] to EncryptableSystemEnvironmentPropertySourceWrapper
2024-02-24 21:28:19.920 [main] INFO  c.u.j.EncryptablePropertySourceConverter - [makeEncryptable,81] - Converting PropertySource random [org.springframework.boot.env.RandomValuePropertySource] to EncryptablePropertySourceWrapper
2024-02-24 21:28:19.920 [main] INFO  c.u.j.EncryptablePropertySourceConverter - [makeEncryptable,81] - Converting PropertySource applicationConfig: [classpath:/application-dev.yml] [org.springframework.boot.env.OriginTrackedMapPropertySource] to EncryptableMapPropertySourceWrapper
2024-02-24 21:28:19.920 [main] INFO  c.u.j.EncryptablePropertySourceConverter - [makeEncryptable,81] - Converting PropertySource applicationConfig: [classpath:/application.yml] [org.springframework.boot.env.OriginTrackedMapPropertySource] to EncryptableMapPropertySourceWrapper
2024-02-24 21:28:20.184 [main] INFO  c.u.j.f.DefaultLazyPropertyFilter - [lambda$new$2,31] - Property Filter custom Bean not found with name 'encryptablePropertyFilter'. Initializing Default Property Filter
2024-02-24 21:28:20.188 [main] INFO  c.u.j.r.DefaultLazyPropertyResolver - [lambda$new$2,35] - Property Resolver custom Bean not found with name 'encryptablePropertyResolver'. Initializing Default Property Resolver
2024-02-24 21:28:20.190 [main] INFO  c.u.j.d.DefaultLazyPropertyDetector - [lambda$new$2,35] - Property Detector custom Bean not found with name 'encryptablePropertyDetector'. Initializing Default Property Detector
2024-02-24 21:28:20.209 [main] INFO  c.a.d.s.b.a.DruidDataSourceAutoConfigure - [dataSource,55] - Init DruidDataSource
2024-02-24 21:28:20.981 [main] INFO  c.a.d.p.DruidDataSource - [init,975] - {dataSource-1} inited
2024-02-24 21:28:22.079 [main] INFO  s.d.s.w.PropertySourcedRequestMappingHandlerMapping - [initHandlerMethods,69] - Mapped URL path [/v2/api-docs] onto method [springfox.documentation.swagger2.web.Swagger2Controller#getDocumentation(String, HttpServletRequest)]
2024-02-24 21:28:22.517 [main] INFO  s.d.s.w.p.DocumentationPluginsBootstrapper - [start,160] - Context refreshed
2024-02-24 21:28:22.529 [main] INFO  s.d.s.w.p.DocumentationPluginsBootstrapper - [start,163] - Found 1 custom documentation plugin(s)
2024-02-24 21:28:22.542 [main] INFO  s.d.s.w.s.ApiListingReferenceScanner - [scan,41] - Scanning for api listing references
2024-02-24 21:28:22.752 [main] INFO  c.j.u.ApplicationTests - [logStarted,61] - Started ApplicationTests in 3.866 seconds (JVM running for 4.531)
2024-02-24 21:28:42.126 [SpringContextShutdownHook] INFO  c.a.d.p.DruidDataSource - [close,2063] - {dataSource-1} closing ...
2024-02-24 21:28:42.137 [SpringContextShutdownHook] INFO  c.a.d.p.DruidDataSource - [close,2136] - {dataSource-1} closed
2024-02-24 21:28:44.647 [main] INFO  c.j.u.ApplicationTests - [logStarting,55] - Starting ApplicationTests on liushuaibiaodeMacBook-Pro.local with PID 26662 (started by liushuaibiao in /Users/liushuaibiao/Downloads/同步空间/work/springboot-scaffold/api)
2024-02-24 21:28:44.648 [main] INFO  c.j.u.ApplicationTests - [logStartupProfileInfo,655] - The following profiles are active: dev
2024-02-24 21:28:45.308 [main] INFO  c.u.j.c.EnableEncryptablePropertiesBeanFactoryPostProcessor - [postProcessBeanFactory,40] - Post-processing PropertySource instances
2024-02-24 21:28:45.309 [main] INFO  c.u.j.EncryptablePropertySourceConverter - [makeEncryptable,76] - Skipping PropertySource configurationProperties [class org.springframework.boot.context.properties.source.ConfigurationPropertySourcesPropertySource
2024-02-24 21:28:45.310 [main] INFO  c.u.j.EncryptablePropertySourceConverter - [makeEncryptable,81] - Converting PropertySource Inlined Test Properties [org.springframework.core.env.MapPropertySource] to EncryptableMapPropertySourceWrapper
2024-02-24 21:28:45.311 [main] INFO  c.u.j.EncryptablePropertySourceConverter - [makeEncryptable,81] - Converting PropertySource systemProperties [org.springframework.core.env.PropertiesPropertySource] to EncryptableMapPropertySourceWrapper
2024-02-24 21:28:45.311 [main] INFO  c.u.j.EncryptablePropertySourceConverter - [makeEncryptable,81] - Converting PropertySource systemEnvironment [org.springframework.boot.env.SystemEnvironmentPropertySourceEnvironmentPostProcessor$OriginAwareSystemEnvironmentPropertySource] to EncryptableSystemEnvironmentPropertySourceWrapper
2024-02-24 21:28:45.311 [main] INFO  c.u.j.EncryptablePropertySourceConverter - [makeEncryptable,81] - Converting PropertySource random [org.springframework.boot.env.RandomValuePropertySource] to EncryptablePropertySourceWrapper
2024-02-24 21:28:45.311 [main] INFO  c.u.j.EncryptablePropertySourceConverter - [makeEncryptable,81] - Converting PropertySource applicationConfig: [classpath:/application-dev.yml] [org.springframework.boot.env.OriginTrackedMapPropertySource] to EncryptableMapPropertySourceWrapper
2024-02-24 21:28:45.311 [main] INFO  c.u.j.EncryptablePropertySourceConverter - [makeEncryptable,81] - Converting PropertySource applicationConfig: [classpath:/application.yml] [org.springframework.boot.env.OriginTrackedMapPropertySource] to EncryptableMapPropertySourceWrapper
2024-02-24 21:28:45.585 [main] INFO  c.u.j.f.DefaultLazyPropertyFilter - [lambda$new$2,31] - Property Filter custom Bean not found with name 'encryptablePropertyFilter'. Initializing Default Property Filter
2024-02-24 21:28:45.590 [main] INFO  c.u.j.r.DefaultLazyPropertyResolver - [lambda$new$2,35] - Property Resolver custom Bean not found with name 'encryptablePropertyResolver'. Initializing Default Property Resolver
2024-02-24 21:28:45.591 [main] INFO  c.u.j.d.DefaultLazyPropertyDetector - [lambda$new$2,35] - Property Detector custom Bean not found with name 'encryptablePropertyDetector'. Initializing Default Property Detector
2024-02-24 21:28:45.611 [main] INFO  c.a.d.s.b.a.DruidDataSourceAutoConfigure - [dataSource,55] - Init DruidDataSource
2024-02-24 21:28:46.354 [main] INFO  c.a.d.p.DruidDataSource - [init,975] - {dataSource-1} inited
2024-02-24 21:28:47.034 [main] INFO  s.d.s.w.PropertySourcedRequestMappingHandlerMapping - [initHandlerMethods,69] - Mapped URL path [/v2/api-docs] onto method [springfox.documentation.swagger2.web.Swagger2Controller#getDocumentation(String, HttpServletRequest)]
2024-02-24 21:28:47.476 [main] INFO  s.d.s.w.p.DocumentationPluginsBootstrapper - [start,160] - Context refreshed
2024-02-24 21:28:47.488 [main] INFO  s.d.s.w.p.DocumentationPluginsBootstrapper - [start,163] - Found 1 custom documentation plugin(s)
2024-02-24 21:28:47.502 [main] INFO  s.d.s.w.s.ApiListingReferenceScanner - [scan,41] - Scanning for api listing references
2024-02-24 21:28:47.574 [main] INFO  c.j.u.ApplicationTests - [logStarted,61] - Started ApplicationTests in 3.265 seconds (JVM running for 3.8)
2024-02-24 21:35:29.723 [SpringContextShutdownHook] INFO  c.a.d.p.DruidDataSource - [close,2063] - {dataSource-1} closing ...
2024-02-24 21:35:29.744 [SpringContextShutdownHook] INFO  c.a.d.p.DruidDataSource - [close,2136] - {dataSource-1} closed
2024-02-24 21:35:32.320 [main] INFO  c.j.u.ApplicationTests - [logStarting,55] - Starting ApplicationTests on liushuaibiaodeMacBook-Pro.local with PID 27009 (started by liushuaibiao in /Users/liushuaibiao/Downloads/同步空间/work/springboot-scaffold/api)
2024-02-24 21:35:32.321 [main] INFO  c.j.u.ApplicationTests - [logStartupProfileInfo,655] - The following profiles are active: dev
2024-02-24 21:35:32.997 [main] INFO  c.u.j.c.EnableEncryptablePropertiesBeanFactoryPostProcessor - [postProcessBeanFactory,40] - Post-processing PropertySource instances
2024-02-24 21:35:32.997 [main] INFO  c.u.j.EncryptablePropertySourceConverter - [makeEncryptable,76] - Skipping PropertySource configurationProperties [class org.springframework.boot.context.properties.source.ConfigurationPropertySourcesPropertySource
2024-02-24 21:35:32.998 [main] INFO  c.u.j.EncryptablePropertySourceConverter - [makeEncryptable,81] - Converting PropertySource Inlined Test Properties [org.springframework.core.env.MapPropertySource] to EncryptableMapPropertySourceWrapper
2024-02-24 21:35:32.998 [main] INFO  c.u.j.EncryptablePropertySourceConverter - [makeEncryptable,81] - Converting PropertySource systemProperties [org.springframework.core.env.PropertiesPropertySource] to EncryptableMapPropertySourceWrapper
2024-02-24 21:35:32.998 [main] INFO  c.u.j.EncryptablePropertySourceConverter - [makeEncryptable,81] - Converting PropertySource systemEnvironment [org.springframework.boot.env.SystemEnvironmentPropertySourceEnvironmentPostProcessor$OriginAwareSystemEnvironmentPropertySource] to EncryptableSystemEnvironmentPropertySourceWrapper
2024-02-24 21:35:32.998 [main] INFO  c.u.j.EncryptablePropertySourceConverter - [makeEncryptable,81] - Converting PropertySource random [org.springframework.boot.env.RandomValuePropertySource] to EncryptablePropertySourceWrapper
2024-02-24 21:35:32.999 [main] INFO  c.u.j.EncryptablePropertySourceConverter - [makeEncryptable,81] - Converting PropertySource applicationConfig: [classpath:/application-dev.yml] [org.springframework.boot.env.OriginTrackedMapPropertySource] to EncryptableMapPropertySourceWrapper
2024-02-24 21:35:32.999 [main] INFO  c.u.j.EncryptablePropertySourceConverter - [makeEncryptable,81] - Converting PropertySource applicationConfig: [classpath:/application.yml] [org.springframework.boot.env.OriginTrackedMapPropertySource] to EncryptableMapPropertySourceWrapper
2024-02-24 21:35:33.262 [main] INFO  c.u.j.f.DefaultLazyPropertyFilter - [lambda$new$2,31] - Property Filter custom Bean not found with name 'encryptablePropertyFilter'. Initializing Default Property Filter
2024-02-24 21:35:33.267 [main] INFO  c.u.j.r.DefaultLazyPropertyResolver - [lambda$new$2,35] - Property Resolver custom Bean not found with name 'encryptablePropertyResolver'. Initializing Default Property Resolver
2024-02-24 21:35:33.269 [main] INFO  c.u.j.d.DefaultLazyPropertyDetector - [lambda$new$2,35] - Property Detector custom Bean not found with name 'encryptablePropertyDetector'. Initializing Default Property Detector
2024-02-24 21:35:33.288 [main] INFO  c.a.d.s.b.a.DruidDataSourceAutoConfigure - [dataSource,55] - Init DruidDataSource
2024-02-24 21:35:34.017 [main] INFO  c.a.d.p.DruidDataSource - [init,975] - {dataSource-1} inited
2024-02-24 21:35:34.697 [main] INFO  s.d.s.w.PropertySourcedRequestMappingHandlerMapping - [initHandlerMethods,69] - Mapped URL path [/v2/api-docs] onto method [springfox.documentation.swagger2.web.Swagger2Controller#getDocumentation(String, HttpServletRequest)]
2024-02-24 21:35:35.124 [main] INFO  s.d.s.w.p.DocumentationPluginsBootstrapper - [start,160] - Context refreshed
2024-02-24 21:35:35.136 [main] INFO  s.d.s.w.p.DocumentationPluginsBootstrapper - [start,163] - Found 1 custom documentation plugin(s)
2024-02-24 21:35:35.148 [main] INFO  s.d.s.w.s.ApiListingReferenceScanner - [scan,41] - Scanning for api listing references
2024-02-24 21:35:35.215 [main] INFO  c.j.u.ApplicationTests - [logStarted,61] - Started ApplicationTests in 3.182 seconds (JVM running for 3.759)
2024-02-24 21:39:02.936 [SpringContextShutdownHook] INFO  c.a.d.p.DruidDataSource - [close,2063] - {dataSource-1} closing ...
2024-02-24 21:39:02.947 [SpringContextShutdownHook] INFO  c.a.d.p.DruidDataSource - [close,2136] - {dataSource-1} closed
2024-02-24 21:39:05.452 [main] INFO  c.j.u.ApplicationTests - [logStarting,55] - Starting ApplicationTests on liushuaibiaodeMacBook-Pro.local with PID 27175 (started by liushuaibiao in /Users/liushuaibiao/Downloads/同步空间/work/springboot-scaffold/api)
2024-02-24 21:39:05.454 [main] INFO  c.j.u.ApplicationTests - [logStartupProfileInfo,655] - The following profiles are active: dev
2024-02-24 21:39:06.135 [main] INFO  c.u.j.c.EnableEncryptablePropertiesBeanFactoryPostProcessor - [postProcessBeanFactory,40] - Post-processing PropertySource instances
2024-02-24 21:39:06.136 [main] INFO  c.u.j.EncryptablePropertySourceConverter - [makeEncryptable,76] - Skipping PropertySource configurationProperties [class org.springframework.boot.context.properties.source.ConfigurationPropertySourcesPropertySource
2024-02-24 21:39:06.137 [main] INFO  c.u.j.EncryptablePropertySourceConverter - [makeEncryptable,81] - Converting PropertySource Inlined Test Properties [org.springframework.core.env.MapPropertySource] to EncryptableMapPropertySourceWrapper
2024-02-24 21:39:06.137 [main] INFO  c.u.j.EncryptablePropertySourceConverter - [makeEncryptable,81] - Converting PropertySource systemProperties [org.springframework.core.env.PropertiesPropertySource] to EncryptableMapPropertySourceWrapper
2024-02-24 21:39:06.137 [main] INFO  c.u.j.EncryptablePropertySourceConverter - [makeEncryptable,81] - Converting PropertySource systemEnvironment [org.springframework.boot.env.SystemEnvironmentPropertySourceEnvironmentPostProcessor$OriginAwareSystemEnvironmentPropertySource] to EncryptableSystemEnvironmentPropertySourceWrapper
2024-02-24 21:39:06.137 [main] INFO  c.u.j.EncryptablePropertySourceConverter - [makeEncryptable,81] - Converting PropertySource random [org.springframework.boot.env.RandomValuePropertySource] to EncryptablePropertySourceWrapper
2024-02-24 21:39:06.138 [main] INFO  c.u.j.EncryptablePropertySourceConverter - [makeEncryptable,81] - Converting PropertySource applicationConfig: [classpath:/application-dev.yml] [org.springframework.boot.env.OriginTrackedMapPropertySource] to EncryptableMapPropertySourceWrapper
2024-02-24 21:39:06.138 [main] INFO  c.u.j.EncryptablePropertySourceConverter - [makeEncryptable,81] - Converting PropertySource applicationConfig: [classpath:/application.yml] [org.springframework.boot.env.OriginTrackedMapPropertySource] to EncryptableMapPropertySourceWrapper
2024-02-24 21:39:06.390 [main] INFO  c.u.j.f.DefaultLazyPropertyFilter - [lambda$new$2,31] - Property Filter custom Bean not found with name 'encryptablePropertyFilter'. Initializing Default Property Filter
2024-02-24 21:39:06.394 [main] INFO  c.u.j.r.DefaultLazyPropertyResolver - [lambda$new$2,35] - Property Resolver custom Bean not found with name 'encryptablePropertyResolver'. Initializing Default Property Resolver
2024-02-24 21:39:06.396 [main] INFO  c.u.j.d.DefaultLazyPropertyDetector - [lambda$new$2,35] - Property Detector custom Bean not found with name 'encryptablePropertyDetector'. Initializing Default Property Detector
2024-02-24 21:39:06.415 [main] INFO  c.a.d.s.b.a.DruidDataSourceAutoConfigure - [dataSource,55] - Init DruidDataSource
2024-02-24 21:39:07.135 [main] INFO  c.a.d.p.DruidDataSource - [init,975] - {dataSource-1} inited
2024-02-24 21:39:07.814 [main] INFO  s.d.s.w.PropertySourcedRequestMappingHandlerMapping - [initHandlerMethods,69] - Mapped URL path [/v2/api-docs] onto method [springfox.documentation.swagger2.web.Swagger2Controller#getDocumentation(String, HttpServletRequest)]
2024-02-24 21:39:08.230 [main] INFO  s.d.s.w.p.DocumentationPluginsBootstrapper - [start,160] - Context refreshed
2024-02-24 21:39:08.241 [main] INFO  s.d.s.w.p.DocumentationPluginsBootstrapper - [start,163] - Found 1 custom documentation plugin(s)
2024-02-24 21:39:08.254 [main] INFO  s.d.s.w.s.ApiListingReferenceScanner - [scan,41] - Scanning for api listing references
2024-02-24 21:39:08.327 [main] INFO  c.j.u.ApplicationTests - [logStarted,61] - Started ApplicationTests in 3.159 seconds (JVM running for 3.774)
2024-02-24 21:40:07.692 [SpringContextShutdownHook] INFO  c.a.d.p.DruidDataSource - [close,2063] - {dataSource-1} closing ...
2024-02-24 21:40:07.697 [SpringContextShutdownHook] INFO  c.a.d.p.DruidDataSource - [close,2136] - {dataSource-1} closed
2024-02-24 21:40:41.326 [main] INFO  c.j.u.ApplicationTests - [logStarting,55] - Starting ApplicationTests on liushuaibiaodeMacBook-Pro.local with PID 27244 (started by liushuaibiao in /Users/liushuaibiao/Downloads/同步空间/work/springboot-scaffold/api)
2024-02-24 21:40:41.327 [main] INFO  c.j.u.ApplicationTests - [logStartupProfileInfo,655] - The following profiles are active: dev
2024-02-24 21:40:42.129 [main] INFO  c.u.j.c.EnableEncryptablePropertiesBeanFactoryPostProcessor - [postProcessBeanFactory,40] - Post-processing PropertySource instances
2024-02-24 21:40:42.130 [main] INFO  c.u.j.EncryptablePropertySourceConverter - [makeEncryptable,76] - Skipping PropertySource configurationProperties [class org.springframework.boot.context.properties.source.ConfigurationPropertySourcesPropertySource
2024-02-24 21:40:42.131 [main] INFO  c.u.j.EncryptablePropertySourceConverter - [makeEncryptable,81] - Converting PropertySource Inlined Test Properties [org.springframework.core.env.MapPropertySource] to EncryptableMapPropertySourceWrapper
2024-02-24 21:40:42.131 [main] INFO  c.u.j.EncryptablePropertySourceConverter - [makeEncryptable,81] - Converting PropertySource systemProperties [org.springframework.core.env.PropertiesPropertySource] to EncryptableMapPropertySourceWrapper
2024-02-24 21:40:42.131 [main] INFO  c.u.j.EncryptablePropertySourceConverter - [makeEncryptable,81] - Converting PropertySource systemEnvironment [org.springframework.boot.env.SystemEnvironmentPropertySourceEnvironmentPostProcessor$OriginAwareSystemEnvironmentPropertySource] to EncryptableSystemEnvironmentPropertySourceWrapper
2024-02-24 21:40:42.131 [main] INFO  c.u.j.EncryptablePropertySourceConverter - [makeEncryptable,81] - Converting PropertySource random [org.springframework.boot.env.RandomValuePropertySource] to EncryptablePropertySourceWrapper
2024-02-24 21:40:42.131 [main] INFO  c.u.j.EncryptablePropertySourceConverter - [makeEncryptable,81] - Converting PropertySource applicationConfig: [classpath:/application-dev.yml] [org.springframework.boot.env.OriginTrackedMapPropertySource] to EncryptableMapPropertySourceWrapper
2024-02-24 21:40:42.131 [main] INFO  c.u.j.EncryptablePropertySourceConverter - [makeEncryptable,81] - Converting PropertySource applicationConfig: [classpath:/application.yml] [org.springframework.boot.env.OriginTrackedMapPropertySource] to EncryptableMapPropertySourceWrapper
2024-02-24 21:40:42.406 [main] INFO  c.u.j.f.DefaultLazyPropertyFilter - [lambda$new$2,31] - Property Filter custom Bean not found with name 'encryptablePropertyFilter'. Initializing Default Property Filter
2024-02-24 21:40:42.411 [main] INFO  c.u.j.r.DefaultLazyPropertyResolver - [lambda$new$2,35] - Property Resolver custom Bean not found with name 'encryptablePropertyResolver'. Initializing Default Property Resolver
2024-02-24 21:40:42.412 [main] INFO  c.u.j.d.DefaultLazyPropertyDetector - [lambda$new$2,35] - Property Detector custom Bean not found with name 'encryptablePropertyDetector'. Initializing Default Property Detector
2024-02-24 21:40:42.432 [main] INFO  c.a.d.s.b.a.DruidDataSourceAutoConfigure - [dataSource,55] - Init DruidDataSource
2024-02-24 21:40:43.502 [main] INFO  c.a.d.p.DruidDataSource - [init,975] - {dataSource-1} inited
2024-02-24 21:40:44.172 [main] INFO  s.d.s.w.PropertySourcedRequestMappingHandlerMapping - [initHandlerMethods,69] - Mapped URL path [/v2/api-docs] onto method [springfox.documentation.swagger2.web.Swagger2Controller#getDocumentation(String, HttpServletRequest)]
2024-02-24 21:40:44.581 [main] INFO  s.d.s.w.p.DocumentationPluginsBootstrapper - [start,160] - Context refreshed
2024-02-24 21:40:44.593 [main] INFO  s.d.s.w.p.DocumentationPluginsBootstrapper - [start,163] - Found 1 custom documentation plugin(s)
2024-02-24 21:40:44.606 [main] INFO  s.d.s.w.s.ApiListingReferenceScanner - [scan,41] - Scanning for api listing references
2024-02-24 21:40:44.677 [main] INFO  c.j.u.ApplicationTests - [logStarted,61] - Started ApplicationTests in 3.695 seconds (JVM running for 4.29)
2024-02-24 21:41:03.895 [SpringContextShutdownHook] INFO  c.a.d.p.DruidDataSource - [close,2063] - {dataSource-1} closing ...
2024-02-24 21:41:03.905 [SpringContextShutdownHook] INFO  c.a.d.p.DruidDataSource - [close,2136] - {dataSource-1} closed
